<?xml version="1.0" encoding="UTF-8"?>
<testsuite xmlns:xsi="http://www.w3.org/2001/XMLSchema-instance" xsi:noNamespaceSchemaLocation="https://maven.apache.org/surefire/maven-surefire-plugin/xsd/surefire-test-report-3.0.xsd" version="3.0" name="tr.edu.medipol.edu.yazilimort.HesaplamalarTest" time="0.046" tests="6" errors="0" skipped="0" failures="0">
  <properties>
[...]
</properties>
  <testcase name="testToplama" classname="tr.edu.medipol.edu.yazilimort.HesaplamalarTest" time="0.004"/>
  <testcase name="testFaktoriyelLoop" classname="tr.edu.medipol.edu.yazilimort.HesaplamalarTest" time="0.0"/>
  <testcase name="testCikarma" classname="tr.edu.medipol.edu.yazilimort.HesaplamalarTest" time="0.0"/>
  <testcase name="testCarpma" classname="tr.edu.medipol.edu.yazilimort.HesaplamalarTest" time="0.0"/>
  <testcase name="testFaktoriyelRec" classname="tr.edu.medipol.edu.yazilimort.HesaplamalarTest" time="0.0"/>
  <testcase name="testFaktoriyel" classname="tr.edu.medipol.edu.yazilimort.HesaplamalarTest" time="0.0"/>
</testsuite>